<?xml version="1.0" encoding="UTF-8"?>
<!-- Generated by org.testng.reporters.JUnitReportReporter -->
<testsuite skipped="0" hostname="Dilrubas-MBP.lan" name="testRun.PracticeTest" tests="1" failures="0" timestamp="19 Nov 2020 23:40:32 GMT" time="7.835" errors="0">
  <testcase name="fristTest" time="7.835" classname="testRun.PracticeTest"/>
</testsuite> <!-- testRun.PracticeTest -->
