<?xml version="1.0" encoding="UTF-8"?>
<!-- Generated by org.testng.reporters.JUnitReportReporter -->
<testsuite skipped="0" hostname="Dilrubas-MBP.lan" name="testRun.PracticeTest" tests="2" failures="0" timestamp="25 Nov 2020 13:18:20 GMT" time="9.051" errors="0">
  <testcase name="fristTest" time="9.045" classname="testRun.PracticeTest"/>
  <testcase name="test2" time="0.006" classname="testRun.PracticeTest"/>
</testsuite> <!-- testRun.PracticeTest -->
