<?xml version="1.0" encoding="UTF-8"?>
<!-- Generated by org.testng.reporters.JUnitReportReporter -->
<testsuite skipped="0" hostname="Dilrubas-MBP.lan" name="practice.HookPractice2" tests="3" failures="0" timestamp="2020-11-25T22:07:15 EST" time="0.024" errors="0">
  <testcase name="test3" time="0.002" classname="practice.HookPractice2"/>
  <system-out/>
  <testcase name="test5" time="0.002" classname="practice.HookPractice2"/>
  <system-out/>
  <testcase name="test1" time="0.020" classname="practice.HookPractice2"/>
  <system-out/>
</testsuite> <!-- practice.HookPractice2 -->
