<?xml version="1.0" encoding="UTF-8"?>
<!-- Generated by org.testng.reporters.JUnitReportReporter -->
<testsuite skipped="0" hostname="Dilrubas-MBP.lan" name="practice.HookPractice" tests="3" failures="0" timestamp="2020-11-25T21:23:56 EST" time="0.018" errors="0">
  <testcase name="test2" time="0.004" classname="practice.HookPractice"/>
  <system-out/>
  <testcase name="test1" time="0.007" classname="practice.HookPractice"/>
  <system-out/>
  <testcase name="test3" time="0.007" classname="practice.HookPractice"/>
  <system-out/>
</testsuite> <!-- practice.HookPractice -->
